<?xml version="1.0" encoding="UTF-8"?>
<!-- Generated by org.testng.reporters.JUnitXMLReporter -->
<testsuite hostname="Pradip-pc" ignored="0" name="Test" tests="5" failures="1" timestamp="02 Dec 2018 14:16:15 GMT" time="125.953" errors="0">
  <testcase name="architectRegistration" time="33.668" classname="Office.ArchitectRegistration"/>
  <testcase name="Homepage" time="0.425" classname="Office.HomePage"/>
  <testcase name="assertC" time="0.318" classname="Office.Assetcase">
    <failure type="java.lang.AssertionError" message="expected [false] but found [true]">
      <![CDATA[java.lang.AssertionError: expected [false] but found [true]
at Office.Assetcase.assertC(Assetcase.java:37)
... Removed 29 stack frames]]>
    </failure>
  </testcase> <!-- assertC -->
  <testcase name="LoginP" time="0.628" classname="Office.MultipleLogin"/>
  <testcase name="LoginP" time="0.461" classname="Office.MultipleLogin"/>
</testsuite> <!-- Test -->
