<?xml version="1.0" encoding="UTF-8"?>
<!-- Generated by org.testng.reporters.JUnitXMLReporter -->
<testsuite hostname="Pradip-pc" ignored="0" name="Validating Home page" tests="1" failures="1" timestamp="29 Jan 2019 13:08:19 GMT" time="12.384" errors="0">
  <testcase name="Homepage" time="0.516" classname="Office.HomePage">
    <failure type="java.lang.AssertionError" message="expected [12State Industrial Development Authority, Uttarakhand] but found [State Industrial Development Authority, Uttarakhand]">
      <![CDATA[java.lang.AssertionError: expected [12State Industrial Development Authority, Uttarakhand] but found [State Industrial Development Authority, Uttarakhand]
at Office.HomePage.Homepage(HomePage.java:83)
... Removed 31 stack frames]]>
    </failure>
  </testcase> <!-- Homepage -->
</testsuite> <!-- Validating Home page -->
