<?xml version="1.0" encoding="UTF-8"?>
<!-- Generated by org.testng.reporters.JUnitXMLReporter -->
<testsuite hostname="Pradip-pc" ignored="0" name="Validating asert" tests="1" failures="1" timestamp="29 Jan 2019 13:08:39 GMT" time="19.765" errors="0">
  <testcase name="assertC" time="0.135" classname="Office.Assetcase">
    <failure type="java.lang.AssertionError" message="expected [111State Industrial Development Authority, Uttarakhand] but found [State Industrial Development Authority, Uttarakhand]">
      <![CDATA[java.lang.AssertionError: expected [111State Industrial Development Authority, Uttarakhand] but found [State Industrial Development Authority, Uttarakhand]
at Office.Assetcase.assertC(Assetcase.java:32)
... Removed 31 stack frames]]>
    </failure>
  </testcase> <!-- assertC -->
</testsuite> <!-- Validating asert -->
